<?xml version="1.0" encoding="UTF-8"?>
<testng-results skipped="0" failed="0" ignored="0" total="1" passed="1">
  <reporter-output>
  </reporter-output>
  <suite name="Default suite" duration-ms="2086454" started-at="2018-12-13T09:07:36Z" finished-at="2018-12-13T09:42:22Z">
    <groups>
    </groups>
    <test name="Default test" duration-ms="2086454" started-at="2018-12-13T09:07:36Z" finished-at="2018-12-13T09:42:22Z">
      <class name="veriication.Pharmacy_Tablet_Qty_Verification">
        <test-method status="PASS" signature="openbrowser()[pri:0, instance:veriication.Pharmacy_Tablet_Qty_Verification@158a8276]" name="openbrowser" duration-ms="2086414" started-at="2018-12-13T09:07:36Z" finished-at="2018-12-13T09:42:22Z">
          <reporter-output>
          </reporter-output>
        </test-method> <!-- openbrowser -->
        <test-method status="PASS" signature="screen(org.testng.ITestResult)[pri:0, instance:veriication.Pharmacy_Tablet_Qty_Verification@158a8276]" name="screen" is-config="true" duration-ms="2" started-at="2018-12-13T09:42:22Z" finished-at="2018-12-13T09:42:22Z">
          <params>
            <param index="0">
              <value>
                <![CDATA[[TestResult name=openbrowser status=SUCCESS method=Pharmacy_Tablet_Qty_Verification.openbrowser()[pri:0, instance:veriication.Pharmacy_Tablet_Qty_Verification@158a8276] output={null}]]]>
              </value>
            </param>
          </params>
          <reporter-output>
          </reporter-output>
        </test-method> <!-- screen -->
      </class> <!-- veriication.Pharmacy_Tablet_Qty_Verification -->
    </test> <!-- Default test -->
  </suite> <!-- Default suite -->
</testng-results>
